14:46:19 **** Incremental Build of configuration Debug for project pwm ip ****
make -j8 all 
arm-none-eabi-gcc "../Core/Src/main.c" -mcpu=cortex-m7 -std=gnu11 -g3 -DDEBUG -DUSE_HAL_DRIVER -DSTM32H723xx -c -I../Core/Inc -I../Drivers/STM32H7xx_HAL_Driver/Inc -I../Drivers/STM32H7xx_HAL_Driver/Inc/Legacy -I../Drivers/CMSIS/Device/ST/STM32H7xx/Include -I../Drivers/CMSIS/Include -O0 -ffunction-sections -fdata-sections -Wall -fstack-usage -fcyclomatic-complexity -MMD -MP -MF"Core/Src/main.d" -MT"Core/Src/main.o" --specs=nano.specs -mfpu=fpv5-d16 -mfloat-abi=hard -mthumb -o "Core/Src/main.o"
../Core/Src/main.c: In function 'SystemClock_Config':
../Core/Src/main.c:150:3: warning: implicit declaration of function '__HAL_RCC_PWR_CLK_ENABLE' [-Wimplicit-function-declaration]
  150 |   __HAL_RCC_PWR_CLK_ENABLE();
      |   ^~~~~~~~~~~~~~~~~~~~~~~~
../Core/Src/main.c:170:7: warning: implicit declaration of function 'HAL_PWREx_EnableOverDrive'; did you mean 'HAL_PWREx_ActivateOverDrive'? [-Wimplicit-function-declaration]
  170 |   if (HAL_PWREx_EnableOverDrive() != HAL_OK)
      |       ^~~~~~~~~~~~~~~~~~~~~~~~~
      |       HAL_PWREx_ActivateOverDrive
../Core/Src/main.c: In function 'MX_TIM1_Init':
../Core/Src/main.c:260:3: warning: implicit declaration of function 'HAL_TIM_MspPostInit'; did you mean 'HAL_TIM_IC_MspInit'? [-Wimplicit-function-declaration]
  260 |   HAL_TIM_MspPostInit(&htim1);
      |   ^~~~~~~~~~~~~~~~~~~
      |   HAL_TIM_IC_MspInit
arm-none-eabi-gcc -o "pwm ip.elf" @"objects.list"   -mcpu=cortex-m7 -T"C:\Users\eshwa\STM32CubeIDE\workspace_1.14.1\pwm ip\STM32H723ZGTX_FLASH.ld" --specs=nosys.specs -Wl,-Map="pwm ip.map" -Wl,--gc-sections -static --specs=nano.specs -mfpu=fpv5-d16 -mfloat-abi=hard -mthumb -Wl,--start-group -lc -lm -Wl,--end-group
C:/ST/STM32CubeIDE_1.14.1/STM32CubeIDE/plugins/com.st.stm32cube.ide.mcu.externaltools.gnu-tools-for-stm32.11.3.rel1.win32_1.1.100.202309141235/tools/bin/../lib/gcc/arm-none-eabi/11.3.1/../../../../arm-none-eabi/bin/ld.exe: ./Core/Src/main.o: in function `SystemClock_Config':
C:/Users/eshwa/STM32CubeIDE/workspace_1.14.1/pwm ip/Debug/../Core/Src/main.c:150: undefined reference to `__HAL_RCC_PWR_CLK_ENABLE'
C:/ST/STM32CubeIDE_1.14.1/STM32CubeIDE/plugins/com.st.stm32cube.ide.mcu.externaltools.gnu-tools-for-stm32.11.3.rel1.win32_1.1.100.202309141235/tools/bin/../lib/gcc/arm-none-eabi/11.3.1/../../../../arm-none-eabi/bin/ld.exe: C:/Users/eshwa/STM32CubeIDE/workspace_1.14.1/pwm ip/Debug/../Core/Src/main.c:170: undefined reference to `HAL_PWREx_EnableOverDrive'
C:/ST/STM32CubeIDE_1.14.1/STM32CubeIDE/plugins/com.st.stm32cube.ide.mcu.externaltools.gnu-tools-for-stm32.11.3.rel1.win32_1.1.100.202309141235/tools/bin/../lib/gcc/arm-none-eabi/11.3.1/../../../../arm-none-eabi/bin/ld.exe: ./Core/Src/main.o: in function `MX_TIM1_Init':
C:/Users/eshwa/STM32CubeIDE/workspace_1.14.1/pwm ip/Debug/../Core/Src/main.c:260: undefined reference to `HAL_TIM_MspPostInit'
collect2.exe: error: ld returned 1 exit status
make[1]: *** [makefile:65: pwm ip.elf] Error 1
make: *** [makefile:58: all] Error 2
"make -j8 all" terminated with exit code 2. Build might be incomplete.

14:46:20 Build Failed. 5 errors, 3 warnings. (took 856ms)

